<?xml version="1.0" encoding="UTF-8"?>
<testng-results skipped="0" failed="0" total="1" passed="1">
  <reporter-output>
  </reporter-output>
  <suite name="Default suite" duration-ms="25214" started-at="2020-02-24T07:28:19Z" finished-at="2020-02-24T07:28:44Z">
    <groups>
    </groups>
    <test name="Default test" duration-ms="25214" started-at="2020-02-24T07:28:19Z" finished-at="2020-02-24T07:28:44Z">
      <class name="actitmeJenkins.OpenApplication">
        <test-method status="PASS" signature="getTitle()[pri:0, instance:actitmeJenkins.OpenApplication@3834d63f]" name="getTitle" duration-ms="25178" started-at="2020-02-24T12:58:19Z" finished-at="2020-02-24T12:58:44Z">
          <reporter-output>
          </reporter-output>
        </test-method> <!-- getTitle -->
      </class> <!-- actitmeJenkins.OpenApplication -->
    </test> <!-- Default test -->
  </suite> <!-- Default suite -->
</testng-results>
